INFO weatherapp.Application - Starting Application on TPLNK-BPAXTON with PID 12584 (C:\Groovy\WeatherApp-master\build\classes\main started by bpaxton in C:\Groovy\WeatherApp-master)
DEBUG weatherapp.Application - Running with Spring Boot v1.5.18.RELEASE, Spring v4.3.21.RELEASE
INFO weatherapp.Application - The following profiles are active: development
INFO weatherapp.Application - Started Application in 102.592 seconds (JVM running for 114.154)
DEBUG weatherapp.ActiveUserController - this is working
INFO weatherapp.ActiveUserController - this is some info
DEBUG weatherapp.ActiveUserController - this is working
INFO weatherapp.ActiveUserController - this is some info
DEBUG weatherapp.ActiveUserController - this is working
INFO weatherapp.ActiveUserController - this is some info
DEBUG weatherapp.ActiveUserController - this is working
INFO weatherapp.ActiveUserController - this is some info
DEBUG weatherapp.ActiveUserController - this is working
INFO weatherapp.ActiveUserController - this is some info
DEBUG weatherapp.ActiveUserController - this is working
INFO weatherapp.ActiveUserController - this is some info
DEBUG weatherapp.ActiveUserController - this is working
INFO weatherapp.ActiveUserController - this is some info
DEBUG weatherapp.ActiveUserController - this is working
INFO weatherapp.ActiveUserController - this is some info
DEBUG weatherapp.ActiveUserController - this is working
INFO weatherapp.ActiveUserController - this is some info
DEBUG weatherapp.ActiveUserController - this is working
INFO weatherapp.ActiveUserController - this is some info
DEBUG weatherapp.ActiveUserController - this is working
INFO weatherapp.ActiveUserController - this is some info
DEBUG weatherapp.ActiveUserController - this is working
INFO weatherapp.ActiveUserController - this is some info
DEBUG weatherapp.ActiveUserController - this is working
INFO weatherapp.ActiveUserController - this is some info
DEBUG weatherapp.ActiveUserController - this is working
INFO weatherapp.ActiveUserController - this is some info
INFO weatherapp.Application - Starting Application on TPLNK-BPAXTON with PID 5856 (C:\Groovy\WeatherApp-master\build\classes\main started by bpaxton in C:\Groovy\WeatherApp-master)
DEBUG weatherapp.Application - Running with Spring Boot v1.5.18.RELEASE, Spring v4.3.21.RELEASE
INFO weatherapp.Application - The following profiles are active: development
INFO weatherapp.Application - Started Application in 51.378 seconds (JVM running for 58.823)
DEBUG weatherapp.ActiveUserController - this is working
INFO weatherapp.ActiveUserController - this is some info
DEBUG weatherapp.ActiveUserController - this is working
INFO weatherapp.ActiveUserController - this is some info
DEBUG weatherapp.ActiveUserController - this is working
INFO weatherapp.ActiveUserController - this is some info
DEBUG weatherapp.ActiveUserController - this is working
INFO weatherapp.ActiveUserController - this is some info
DEBUG weatherapp.ActiveUserController - this is working
INFO weatherapp.ActiveUserController - this is some info
DEBUG weatherapp.ActiveUserController - this is working
INFO weatherapp.ActiveUserController - this is some info
DEBUG weatherapp.ActiveUserController - this is working
INFO weatherapp.ActiveUserController - this is some info
DEBUG weatherapp.ActiveUserController - this is working
INFO weatherapp.ActiveUserController - this is some info
DEBUG weatherapp.ActiveUserController - this is working
INFO weatherapp.ActiveUserController - this is some info
