INFO weatherapp.Application - Starting Application on TPLNK-BPAXTON with PID 14496 (C:\Groovy\WeatherApp-master\build\classes\main started by bpaxton in C:\Groovy\WeatherApp-master)
DEBUG weatherapp.Application - Running with Spring Boot v1.5.18.RELEASE, Spring v4.3.21.RELEASE
INFO weatherapp.Application - The following profiles are active: development
INFO weatherapp.Application - Started Application in 50.94 seconds (JVM running for 56.435)
DEBUG weatherapp.ActiveUserController - this is working
INFO weatherapp.ActiveUserController - this is some info
ERROR grails.boot.GrailsApp - Compilation Error: startup failed:
C:\Groovy\WeatherApp-master\grails-app\controllers\weatherapp\LoginController.groovy: 21: unable to resolve class ResponseData 
 @ line 21, column 28.
           def responseData = new ResponseData()
                              ^

1 error

org.codehaus.groovy.control.MultipleCompilationErrorsException: startup failed:
C:\Groovy\WeatherApp-master\grails-app\controllers\weatherapp\LoginController.groovy: 21: unable to resolve class ResponseData 
 @ line 21, column 28.
           def responseData = new ResponseData()
                              ^

1 error

	at org.codehaus.groovy.control.ErrorCollector.failIfErrors(ErrorCollector.java:310)
	at org.codehaus.groovy.control.CompilationUnit.applyToSourceUnits(CompilationUnit.java:981)
	at org.codehaus.groovy.control.CompilationUnit.doPhaseOperation(CompilationUnit.java:626)
	at org.codehaus.groovy.control.CompilationUnit.compile(CompilationUnit.java:575)
	at org.codehaus.groovy.control.CompilationUnit.compile(CompilationUnit.java:558)
	at grails.boot.GrailsApp.compileGroovyFile(GrailsApp.groovy:319)
	at grails.boot.GrailsApp.recompile(GrailsApp.groovy:305)
	at sun.reflect.NativeMethodAccessorImpl.invoke0(Native Method)
	at sun.reflect.NativeMethodAccessorImpl.invoke(NativeMethodAccessorImpl.java:62)
	at sun.reflect.DelegatingMethodAccessorImpl.invoke(DelegatingMethodAccessorImpl.java:43)
	at java.lang.reflect.Method.invoke(Method.java:498)
	at org.springsource.loaded.ri.ReflectiveInterceptor.jlrMethodInvoke(ReflectiveInterceptor.java:1427)
	at org.codehaus.groovy.reflection.CachedMethod.invoke(CachedMethod.java:98)
	at groovy.lang.MetaMethod.doMethodInvoke(MetaMethod.java:325)
	at org.codehaus.groovy.runtime.metaclass.ClosureMetaClass.invokeMethod(ClosureMetaClass.java:352)
	at groovy.lang.MetaClassImpl.invokeMethod(MetaClassImpl.java:1034)
	at org.codehaus.groovy.runtime.callsite.PogoMetaClassSite.callCurrent(PogoMetaClassSite.java:68)
	at org.codehaus.groovy.runtime.callsite.CallSiteArray.defaultCallCurrent(CallSiteArray.java:51)
	at org.codehaus.groovy.runtime.callsite.AbstractCallSite.callCurrent(AbstractCallSite.java:157)
	at org.codehaus.groovy.runtime.callsite.AbstractCallSite.callCurrent(AbstractCallSite.java:185)
	at grails.boot.GrailsApp$_enableDevelopmentModeWatch_closure1.doCall(GrailsApp.groovy:246)
	at grails.boot.GrailsApp$_enableDevelopmentModeWatch_closure1.doCall(GrailsApp.groovy)
	at sun.reflect.NativeMethodAccessorImpl.invoke0(Native Method)
	at sun.reflect.NativeMethodAccessorImpl.invoke(NativeMethodAccessorImpl.java:62)
	at sun.reflect.DelegatingMethodAccessorImpl.invoke(DelegatingMethodAccessorImpl.java:43)
	at java.lang.reflect.Method.invoke(Method.java:498)
	at org.springsource.loaded.ri.ReflectiveInterceptor.jlrMethodInvoke(ReflectiveInterceptor.java:1427)
	at org.codehaus.groovy.reflection.CachedMethod.invoke(CachedMethod.java:98)
	at groovy.lang.MetaMethod.doMethodInvoke(MetaMethod.java:325)
	at org.codehaus.groovy.runtime.metaclass.ClosureMetaClass.invokeMethod(ClosureMetaClass.java:264)
	at groovy.lang.MetaClassImpl.invokeMethod(MetaClassImpl.java:1034)
	at groovy.lang.Closure.call(Closure.java:418)
	at groovy.lang.Closure.call(Closure.java:412)
	at groovy.lang.Closure.run(Closure.java:499)
	at java.lang.Thread.run(Thread.java:748)
